<?xml version="1.0" encoding="UTF-8"?>
<!-- Generated by org.testng.reporters.JUnitReportReporter -->
<testsuite hostname="DESKTOP-MQN705O" failures="0" tests="2" name="MyTestCases" time="2.912" errors="0" timestamp="2023-09-08T11:09:05 EET" skipped="0">
  <testcase classname="MyTestCases" name="RemoveAllitemsFromCart" time="2.249"/>
  <testcase classname="MyTestCases" name="AddToCartTestCase1" time="0.663"/>
</testsuite> <!-- MyTestCases -->
